

---------------------------------------------------------
| Heure Début : 
| Temps écoule : 
| Nombre de runs : 
| Temps moyen par run : 
---------------------------------------------------------
[10/06/2012 23:33:53] Restauration du fichier de config Diablo III
[10/06/2012 23:33:53] Arrêt du Bot
[10/06/2012 23:33:44] Mise en place du fichier de config pour le bot


---------------------------------------------------------
| Heure Début : 
| Temps écoule : 
| Nombre de runs : 
| Temps moyen par run : 
---------------------------------------------------------
[10/06/2012 23:34:28] Restauration du fichier de config Diablo III
[10/06/2012 23:34:28] Arrêt du Bot


---------------------------------------------------------
| Heure Début : 
| Temps écoule : 
| Nombre de runs : 
| Temps moyen par run : 
---------------------------------------------------------
[10/06/2012 23:34:36] Restauration du fichier de config Diablo III
[10/06/2012 23:34:36] Arrêt du Bot


---------------------------------------------------------
| Heure Début : 10/06/2012 23:37:07
| Temps écoule : 37 s.
| Nombre de runs : 0
| Temps moyen par run : 0
---------------------------------------------------------
[10/06/2012 23:48:20] Restauration du fichier de config Diablo III
[10/06/2012 23:48:20] Arrêt du Bot
[10/06/2012 23:37:44] Démarrage du run
[10/06/2012 23:37:36] Sélection de la quest
[10/06/2012 23:37:31] Sélection du personnage
[10/06/2012 23:37:26] Connecté à battle.net !
[10/06/2012 23:37:21] Tentative de connexion
[10/06/2012 23:37:19] Identification à battle.net
[10/06/2012 23:37:11] Démarrage du client
[10/06/2012 23:37:07] Démarrage du launcher
[10/06/2012 23:37:07] Démarrage du Bot
[10/06/2012 23:37:07] Mise en place du fichier de config pour le bot


---------------------------------------------------------
| Heure Début : 10/06/2012 23:50:02
| Temps écoule : 
| Nombre de runs : 
| Temps moyen par run : 
---------------------------------------------------------
[10/06/2012 23:50:22] Restauration du fichier de config Diablo III
[10/06/2012 23:50:22] Arrêt du Bot
[10/06/2012 23:50:15] Identification à battle.net
[10/06/2012 23:50:07] Démarrage du client
[10/06/2012 23:50:02] Démarrage du launcher
[10/06/2012 23:50:02] Démarrage du Bot
[10/06/2012 23:50:02] Mise en place du fichier de config pour le bot


---------------------------------------------------------
| Heure Début : 10/06/2012 23:53:57
| Temps écoule : 
| Nombre de runs : 
| Temps moyen par run : 
---------------------------------------------------------
[10/06/2012 23:54:09] Restauration du fichier de config Diablo III
[10/06/2012 23:54:09] Arrêt du Bot
[10/06/2012 23:53:57] Démarrage du launcher
[10/06/2012 23:53:57] Démarrage du Bot
[10/06/2012 23:53:57] Mise en place du fichier de config pour le bot


---------------------------------------------------------
| Heure Début : 10/06/2012 23:56:43
| Temps écoule : 
| Nombre de runs : 
| Temps moyen par run : 
---------------------------------------------------------
[10/06/2012 23:56:55] Restauration du fichier de config Diablo III
[10/06/2012 23:56:55] Arrêt du Bot
[10/06/2012 23:56:43] Démarrage du launcher
[10/06/2012 23:56:43] Démarrage du Bot
[10/06/2012 23:56:43] Mise en place du fichier de config pour le bot


---------------------------------------------------------
| Heure Début : 
| Temps écoule : 
| Nombre de runs : 
| Temps moyen par run : 
---------------------------------------------------------
[11/06/2012 00:00:21] Restauration du fichier de config Diablo III
[11/06/2012 00:00:21] Arrêt du Bot


---------------------------------------------------------
| Heure Début : 11/06/2012 00:00:26
| Temps écoule : 
| Nombre de runs : 
| Temps moyen par run : 
---------------------------------------------------------
[11/06/2012 00:00:39] Restauration du fichier de config Diablo III
[11/06/2012 00:00:39] Arrêt du Bot
[11/06/2012 00:00:26] Démarrage du launcher
[11/06/2012 00:00:26] Démarrage du Bot
[11/06/2012 00:00:26] Mise en place du fichier de config pour le bot


---------------------------------------------------------
| Heure Début : 11/06/2012 00:00:55
| Temps écoule : 
| Nombre de runs : 
| Temps moyen par run : 
---------------------------------------------------------
[11/06/2012 00:01:17] Restauration du fichier de config Diablo III
[11/06/2012 00:01:17] Arrêt du Bot
[11/06/2012 00:01:06] Identification à battle.net
[11/06/2012 00:00:58] Démarrage du client
[11/06/2012 00:00:55] Démarrage du launcher
[11/06/2012 00:00:55] Démarrage du Bot
[11/06/2012 00:00:55] Mise en place du fichier de config pour le bot


---------------------------------------------------------
| Heure Début : 
| Temps écoule : 
| Nombre de runs : 
| Temps moyen par run : 
---------------------------------------------------------
[11/06/2012 00:02:13] Restauration du fichier de config Diablo III
[11/06/2012 00:02:13] Arrêt du Bot


---------------------------------------------------------
| Heure Début : 
| Temps écoule : 
| Nombre de runs : 
| Temps moyen par run : 
---------------------------------------------------------
[11/06/2012 00:28:33] Restauration du fichier de config Diablo III
[11/06/2012 00:28:33] Arrêt du Bot


---------------------------------------------------------
| Heure Début : 11/06/2012 00:35:19
| Temps écoule : 
| Nombre de runs : 
| Temps moyen par run : 
---------------------------------------------------------
[11/06/2012 00:36:23] Restauration du fichier de config Diablo III
[11/06/2012 00:36:23] Arrêt du Bot
[11/06/2012 00:36:15] Impossible de se connecter. Relance de diablo
[11/06/2012 00:36:13] Identification à battle.net
[11/06/2012 00:35:22] Démarrage du client
[11/06/2012 00:35:19] Démarrage du launcher
[11/06/2012 00:35:19] Démarrage du Bot
[11/06/2012 00:35:19] Mise en place du fichier de config pour le bot


---------------------------------------------------------
| Heure Début : 11/06/2012 00:38:11
| Temps écoule : 
| Nombre de runs : 
| Temps moyen par run : 
---------------------------------------------------------
[11/06/2012 00:38:25] Restauration du fichier de config Diablo III
[11/06/2012 00:38:25] Arrêt du Bot
[11/06/2012 00:38:11] Démarrage du launcher
[11/06/2012 00:38:11] Démarrage du Bot
[11/06/2012 00:38:11] Mise en place du fichier de config pour le bot


---------------------------------------------------------
| Heure Début : 11/06/2012 00:38:29
| Temps écoule : 
| Nombre de runs : 
| Temps moyen par run : 
---------------------------------------------------------
[11/06/2012 00:41:01] Restauration du fichier de config Diablo III
[11/06/2012 00:41:01] Arrêt du Bot
[11/06/2012 00:40:16] Impossible de se connecter. Relance de diablo
[11/06/2012 00:38:40] Identification à battle.net
[11/06/2012 00:38:32] Démarrage du client
[11/06/2012 00:38:29] Démarrage du launcher
[11/06/2012 00:38:29] Démarrage du Bot
[11/06/2012 00:38:29] Mise en place du fichier de config pour le bot


---------------------------------------------------------
| Heure Début : 
| Temps écoule : 
| Nombre de runs : 
| Temps moyen par run : 
---------------------------------------------------------
[11/06/2012 01:16:29] Restauration du fichier de config Diablo III
[11/06/2012 01:16:29] Arrêt du Bot


---------------------------------------------------------
| Heure Début : 11/06/2012 20:50:12
| Temps écoule : 
| Nombre de runs : 
| Temps moyen par run : 
---------------------------------------------------------
[11/06/2012 20:52:28] Restauration du fichier de config Diablo III
[11/06/2012 20:52:28] Arrêt du Bot
[11/06/2012 20:50:45] Sélection de la quest
[11/06/2012 20:50:40] Sélection du personnage
[11/06/2012 20:50:32] Connecté à battle.net !
[11/06/2012 20:50:27] Tentative de connexion
[11/06/2012 20:50:24] Identification à battle.net
[11/06/2012 20:50:16] Démarrage du client
[11/06/2012 20:50:12] Démarrage du launcher
[11/06/2012 20:50:12] Démarrage du Bot
[11/06/2012 20:50:12] Mise en place du fichier de config pour le bot


---------------------------------------------------------
| Heure Début : 
| Temps écoule : 
| Nombre de runs : 
| Temps moyen par run : 
---------------------------------------------------------
[11/06/2012 21:11:26] Restauration du fichier de config Diablo III
[11/06/2012 21:11:26] Arrêt du Bot


---------------------------------------------------------
| Heure Début : 11/06/2012 20:55:22
| Temps écoule : 2 min, 30 s.
| Nombre de runs : 1
| Temps moyen par run : 1 min, 51 s.
---------------------------------------------------------
[11/06/2012 21:11:35] Restauration du fichier de config Diablo III
[11/06/2012 21:11:35] Arrêt du Bot
[11/06/2012 20:57:53] Fin de la game après 1 min, 51 s.
[11/06/2012 20:56:01] Démarrage du run
[11/06/2012 20:55:52] Sélection de la quest
[11/06/2012 20:55:47] Sélection du personnage
[11/06/2012 20:55:42] Connecté à battle.net !
[11/06/2012 20:55:36] Tentative de connexion
[11/06/2012 20:55:34] Identification à battle.net
[11/06/2012 20:55:25] Démarrage du client
[11/06/2012 20:55:22] Démarrage du launcher
[11/06/2012 20:55:22] Démarrage du Bot
[11/06/2012 20:55:22] Mise en place du fichier de config pour le bot


---------------------------------------------------------
| Heure Début : 
| Temps écoule : 
| Nombre de runs : 
| Temps moyen par run : 
---------------------------------------------------------
[11/06/2012 21:36:31] Restauration du fichier de config Diablo III
[11/06/2012 21:36:31] Arrêt du Bot


---------------------------------------------------------
| Heure Début : 
| Temps écoule : 
| Nombre de runs : 
| Temps moyen par run : 
---------------------------------------------------------
[11/06/2012 21:36:38] Restauration du fichier de config Diablo III
[11/06/2012 21:36:38] Arrêt du Bot


---------------------------------------------------------
| Heure Début : 
| Temps écoule : 
| Nombre de runs : 
| Temps moyen par run : 
---------------------------------------------------------
[11/06/2012 21:46:29] Restauration du fichier de config Diablo III
[11/06/2012 21:46:29] Arrêt du Bot


---------------------------------------------------------
| Heure Début : 11/06/2012 22:38:12
| Temps écoule : 3 min, 12 s.
| Nombre de runs : 1
| Temps moyen par run : 1 min, 58 s.
---------------------------------------------------------
[11/06/2012 22:41:34] Restauration du fichier de config Diablo III
[11/06/2012 22:41:34] Arrêt du Bot
[11/06/2012 22:41:29] Sélection de la quest
[11/06/2012 22:41:24] Fin de la game après 1 min, 58 s.
[11/06/2012 22:39:26] Démarrage du run
[11/06/2012 22:39:17] Sélection de la quest
[11/06/2012 22:38:37] Sélection du personnage
[11/06/2012 22:38:32] Connecté à battle.net !
[11/06/2012 22:38:27] Tentative de connexion
[11/06/2012 22:38:24] Identification à battle.net
[11/06/2012 22:38:15] Démarrage du client
[11/06/2012 22:38:12] Démarrage du launcher
[11/06/2012 22:38:12] Démarrage du Bot
[11/06/2012 22:38:12] Mise en place du fichier de config pour le bot


---------------------------------------------------------
| Heure Début : 11/06/2012 22:42:16
| Temps écoule : 2 min, 20 s.
| Nombre de runs : 1
| Temps moyen par run : 1 min, 41 s.
---------------------------------------------------------
[11/06/2012 23:16:48] Restauration du fichier de config Diablo III
[11/06/2012 23:16:48] Arrêt du Bot
[11/06/2012 22:44:36] Fin de la game après 1 min, 41 s.
[11/06/2012 22:42:55] Démarrage du run
[11/06/2012 22:42:46] Sélection de la quest
[11/06/2012 22:42:41] Sélection du personnage
[11/06/2012 22:42:36] Connecté à battle.net !
[11/06/2012 22:42:31] Tentative de connexion
[11/06/2012 22:42:28] Identification à battle.net
[11/06/2012 22:42:19] Démarrage du client
[11/06/2012 22:42:16] Démarrage du launcher
[11/06/2012 22:42:16] Démarrage du Bot
[11/06/2012 22:42:16] Mise en place du fichier de config pour le bot


---------------------------------------------------------
| Heure Début : 12/06/2012 01:03:01
| Temps écoule : 4 min, 9 s.
| Nombre de runs : 2
| Temps moyen par run : 1 min, 38 s.
---------------------------------------------------------
[12/06/2012 01:12:43] Restauration du fichier de config Diablo III
[12/06/2012 01:12:43] Arrêt du Bot
[12/06/2012 01:07:10] Fin de la game après 1 min, 19 s.
[12/06/2012 01:05:51] Démarrage du run
[12/06/2012 01:05:43] Sélection de la quest
[12/06/2012 01:05:39] Fin de la game après 1 min, 58 s.
[12/06/2012 01:03:41] Démarrage du run
[12/06/2012 01:03:32] Sélection de la quest
[12/06/2012 01:03:26] Sélection du personnage
[12/06/2012 01:03:22] Connecté à battle.net !
[12/06/2012 01:03:16] Tentative de connexion
[12/06/2012 01:03:13] Identification à battle.net
[12/06/2012 01:03:06] Démarrage du client
[12/06/2012 01:03:01] Démarrage du launcher
[12/06/2012 01:03:01] Démarrage du Bot
[12/06/2012 01:03:01] Mise en place du fichier de config pour le bot


---------------------------------------------------------
| Heure Début : 12/06/2012 13:43:26
| Temps écoule : 2 min, 21 s.
| Nombre de runs : 1
| Temps moyen par run : 1 min, 41 s.
---------------------------------------------------------
[12/06/2012 18:40:13] Restauration du fichier de config Diablo III
[12/06/2012 18:40:13] Arrêt du Bot
[12/06/2012 13:49:25] On ne sait pas où on est, on relance le bot
[12/06/2012 13:45:47] Fin de la game après 1 min, 41 s.
[12/06/2012 13:44:06] Démarrage du run
[12/06/2012 13:43:57] Sélection de la quest
[12/06/2012 13:43:52] Sélection du personnage
[12/06/2012 13:43:47] Connecté à battle.net !
[12/06/2012 13:43:42] Tentative de connexion
[12/06/2012 13:43:39] Identification à battle.net
[12/06/2012 13:43:30] Démarrage du client
[12/06/2012 13:43:26] Démarrage du launcher
[12/06/2012 13:43:26] Démarrage du Bot
[12/06/2012 13:43:26] Mise en place du fichier de config pour le bot


---------------------------------------------------------
| Heure Début : 12/06/2012 19:02:13
| Temps écoule : 17 min, 50 s.
| Nombre de runs : 10
| Temps moyen par run : 1 min, 24 s.
---------------------------------------------------------
[12/06/2012 19:23:40] Restauration du fichier de config Diablo III
[12/06/2012 19:23:40] Arrêt du Bot
[12/06/2012 19:21:05] On ne sait pas où on est, on relance le bot
[12/06/2012 19:21:04] On n'est plus dans la game
[12/06/2012 19:20:03] Démarrage du run
[12/06/2012 19:19:55] Sélection de la quest
[12/06/2012 19:19:51] Fin de la game après 1 min, 22 s.
[12/06/2012 19:18:29] Démarrage du run
[12/06/2012 19:18:21] Sélection de la quest
[12/06/2012 19:18:17] Fin de la game après 1 min, 20 s.
[12/06/2012 19:16:57] Démarrage du run
[12/06/2012 19:16:49] Sélection de la quest
[12/06/2012 19:16:45] Fin de la game après 1 min, 18 s.
[12/06/2012 19:15:27] Démarrage du run
[12/06/2012 19:15:19] Sélection de la quest
[12/06/2012 19:15:15] Fin de la game après 1 min, 21 s.
[12/06/2012 19:13:54] Démarrage du run
[12/06/2012 19:13:47] Sélection de la quest
[12/06/2012 19:13:42] Fin de la game après 1 min, 40 s.
[12/06/2012 19:12:02] Démarrage du run
[12/06/2012 19:11:55] Sélection de la quest
[12/06/2012 19:11:50] Fin de la game après 1 min, 24 s.
[12/06/2012 19:10:26] Démarrage du run
[12/06/2012 19:10:18] Sélection de la quest
[12/06/2012 19:10:14] Fin de la game après 1 min, 19 s.
[12/06/2012 19:08:55] Démarrage du run
[12/06/2012 19:08:48] Sélection de la quest
[12/06/2012 19:08:43] Fin de la game après 1 min, 21 s.
[12/06/2012 19:07:22] Démarrage du run
[12/06/2012 19:07:15] Sélection de la quest
[12/06/2012 19:07:10] Fin de la game après 1 min, 19 s.
[12/06/2012 19:05:51] Démarrage du run
[12/06/2012 19:05:43] Sélection de la quest
[12/06/2012 19:05:39] Fin de la game après 1 min, 41 s.
[12/06/2012 19:03:58] Démarrage du run
[12/06/2012 19:03:49] Sélection de la quest
[12/06/2012 19:03:43] Sélection du personnage
[12/06/2012 19:03:39] Connecté à battle.net !
[12/06/2012 19:03:33] Tentative de connexion
[12/06/2012 19:03:31] Identification à battle.net
[12/06/2012 19:02:17] Démarrage du client
[12/06/2012 19:02:13] Démarrage du launcher
[12/06/2012 19:02:13] Démarrage du Bot
[12/06/2012 19:02:13] Mise en place du fichier de config pour le bot


---------------------------------------------------------
| Heure Début : 12/06/2012 20:09:22
| Temps écoule : 
| Nombre de runs : 
| Temps moyen par run : 
---------------------------------------------------------
[12/06/2012 20:09:48] Restauration du fichier de config Diablo III
[12/06/2012 20:09:48] Arrêt du Bot
[12/06/2012 20:09:26] Démarrage du client
[12/06/2012 20:09:22] Démarrage du launcher
[12/06/2012 20:09:22] Démarrage du Bot
[12/06/2012 20:09:22] Mise en place du fichier de config pour le bot


---------------------------------------------------------
| Heure Début : 12/06/2012 20:10:10
| Temps écoule : 
| Nombre de runs : 
| Temps moyen par run : 
---------------------------------------------------------
[12/06/2012 20:10:13] Restauration du fichier de config Diablo III
[12/06/2012 20:10:13] Arrêt du Bot
[12/06/2012 20:10:10] Démarrage du launcher
[12/06/2012 20:10:10] Démarrage du Bot
[12/06/2012 20:10:10] Mise en place du fichier de config pour le bot
[12/06/2012 20:10:10] Impossible de se connecter. Relance de diablo
[12/06/2012 20:10:06] Tentative de connexion
[12/06/2012 20:10:04] Identification à battle.net
[12/06/2012 20:09:55] Démarrage du client
[12/06/2012 20:09:52] Démarrage du launcher
[12/06/2012 20:09:52] Démarrage du Bot
[12/06/2012 20:09:52] Mise en place du fichier de config pour le bot



---------------------------------------------------------
| Heure Début : 12/06/2012 20:12:24
| Temps écoule : 
| Nombre de runs : 
| Temps moyen par run : 
---------------------------------------------------------
[12/06/2012 20:17:58] Restauration du fichier de config Diablo III
[12/06/2012 20:17:58] Arrêt du Bot
[12/06/2012 20:12:55] Sélection de la quest
[12/06/2012 20:12:49] Sélection du personnage
[12/06/2012 20:12:45] Connecté à battle.net !
[12/06/2012 20:12:40] Tentative de connexion
[12/06/2012 20:12:37] Identification à battle.net
[12/06/2012 20:12:28] Démarrage du client
[12/06/2012 20:12:24] Démarrage du launcher
[12/06/2012 20:12:24] Démarrage du Bot
[12/06/2012 20:12:24] Mise en place du fichier de config pour le bot


---------------------------------------------------------
| Heure Début : 12/06/2012 20:21:26
| Temps écoule : 
| Nombre de runs : 
| Temps moyen par run : 
---------------------------------------------------------
[12/06/2012 20:21:28] Restauration du fichier de config Diablo III
[12/06/2012 20:21:28] Arrêt du Bot
[12/06/2012 20:21:26] Démarrage du launcher
[12/06/2012 20:21:26] Démarrage du Bot
[12/06/2012 20:21:26] Mise en place du fichier de config pour le bot
[12/06/2012 20:21:26] Jeu planté, on relance
[12/06/2012 20:21:23] Sélection du personnage
[12/06/2012 20:21:18] Connecté à battle.net !
[12/06/2012 20:21:13] Tentative de connexion
[12/06/2012 20:21:10] Identification à battle.net
[12/06/2012 20:21:01] Démarrage du client
[12/06/2012 20:20:58] Démarrage du launcher
[12/06/2012 20:20:58] Démarrage du Bot
[12/06/2012 20:20:58] Mise en place du fichier de config pour le bot


---------------------------------------------------------
| Heure Début : 12/06/2012 20:28:31
| Temps écoule : 
| Nombre de runs : 
| Temps moyen par run : 
---------------------------------------------------------
[12/06/2012 20:28:37] Restauration du fichier de config Diablo III
[12/06/2012 20:28:37] Arrêt du Bot
[12/06/2012 20:28:35] Démarrage du client
[12/06/2012 20:28:31] Démarrage du launcher
[12/06/2012 20:28:31] Démarrage du Bot
[12/06/2012 20:28:31] Mise en place du fichier de config pour le bot


---------------------------------------------------------
| Heure Début : 
| Temps écoule : 
| Nombre de runs : 
| Temps moyen par run : 
---------------------------------------------------------
[12/06/2012 20:28:46] Restauration du fichier de config Diablo III
[12/06/2012 20:28:46] Arrêt du Bot
