

---------------------------------------------------------
| Heure Début : 13/06/2012 13:27:36
| Temps écoule : 
| Nombre de runs : 
| Temps moyen par run : 
---------------------------------------------------------
[13/06/2012 13:27:38] Restauration du fichier de config Diablo III
[13/06/2012 13:27:38] Arrêt du Bot
[13/06/2012 13:27:36] Démarrage du launcher
[13/06/2012 13:27:36] Démarrage du Bot
[13/06/2012 13:27:36] Mise en place du fichier de config pour le bot
[13/06/2012 13:27:35] Impossible de se connecter. Relance de diablo
[13/06/2012 13:27:32] Tentative de connexion
[13/06/2012 13:27:29] Identification à battle.net
[13/06/2012 13:27:10] Démarrage du client
[13/06/2012 13:27:06] Démarrage du launcher
[13/06/2012 13:27:06] Démarrage du Bot
[13/06/2012 13:27:06] Mise en place du fichier de config pour le bot
[13/06/2012 13:27:05] Impossible de se connecter. Relance de diablo
[13/06/2012 13:27:02] Tentative de connexion
[13/06/2012 13:26:59] Identification à battle.net
[13/06/2012 13:26:41] Démarrage du client
[13/06/2012 13:26:38] Démarrage du launcher
[13/06/2012 13:26:38] Démarrage du Bot
[13/06/2012 13:26:38] Mise en place du fichier de config pour le bot
[13/06/2012 13:26:38] Impossible de se connecter. Relance de diablo
[13/06/2012 13:26:35] Tentative de connexion
[13/06/2012 13:26:32] Identification à battle.net
[13/06/2012 13:26:16] Démarrage du client
[13/06/2012 13:26:11] Démarrage du launcher
[13/06/2012 13:26:11] Démarrage du Bot
[13/06/2012 13:26:11] Mise en place du fichier de config pour le bot


---------------------------------------------------------
| Heure Début : 
| Temps écoule : 
| Nombre de runs : 
| Temps moyen par run : 
---------------------------------------------------------
[13/06/2012 13:29:08] Restauration du fichier de config Diablo III
[13/06/2012 13:29:08] Arrêt du Bot


---------------------------------------------------------
| Heure Début : 13/06/2012 13:41:51
| Temps écoule : 
| Nombre de runs : 
| Temps moyen par run : 
---------------------------------------------------------
[13/06/2012 13:41:57] Restauration du fichier de config Diablo III
[13/06/2012 13:41:57] Arrêt du Bot
[13/06/2012 13:41:55] Démarrage du client
[13/06/2012 13:41:51] Démarrage du launcher
[13/06/2012 13:41:51] Démarrage du Bot
[13/06/2012 13:41:51] Mise en place du fichier de config pour le bot
[13/06/2012 13:41:51] Impossible de se connecter. Relance de diablo
[13/06/2012 13:41:47] Tentative de connexion
[13/06/2012 13:41:44] Identification à battle.net
[13/06/2012 13:41:28] Démarrage du client
[13/06/2012 13:41:21] Démarrage du launcher
[13/06/2012 13:41:21] Démarrage du Bot
[13/06/2012 13:41:21] Mise en place du fichier de config pour le bot


---------------------------------------------------------
| Heure Début : 
| Temps écoule : 
| Nombre de runs : 
| Temps moyen par run : 
---------------------------------------------------------
[13/06/2012 13:45:14] Restauration du fichier de config Diablo III
[13/06/2012 13:45:14] Arrêt du Bot


---------------------------------------------------------
| Heure Début : 13/06/2012 13:49:15
| Temps écoule : 54 s.
| Nombre de runs : 0
| Temps moyen par run : 0
---------------------------------------------------------
[13/06/2012 13:52:55] Restauration du fichier de config Diablo III
[13/06/2012 13:52:55] Arrêt du Bot
[13/06/2012 13:52:55] Jeu planté, on relance
[13/06/2012 13:52:55] Echec de création de la partie
[13/06/2012 13:50:09] Démarrage du run
[13/06/2012 13:49:59] Sélection de la quest
[13/06/2012 13:49:53] Sélection du personnage
[13/06/2012 13:49:48] Connecté à battle.net !
[13/06/2012 13:49:40] Tentative de connexion
[13/06/2012 13:49:37] Identification à battle.net
[13/06/2012 13:49:21] Démarrage du client
[13/06/2012 13:49:15] Démarrage du launcher
[13/06/2012 13:49:15] Démarrage du Bot
[13/06/2012 13:49:15] Mise en place du fichier de config pour le bot


---------------------------------------------------------
| Heure Début : 13/06/2012 13:56:21
| Temps écoule : 57 s.
| Nombre de runs : 0
| Temps moyen par run : 0
---------------------------------------------------------
[13/06/2012 13:56:29] Restauration du fichier de config Diablo III
[13/06/2012 13:56:29] Arrêt du Bot
[13/06/2012 13:56:25] Démarrage du client
[13/06/2012 13:56:21] Démarrage du launcher
[13/06/2012 13:56:21] Démarrage du Bot
[13/06/2012 13:56:21] Mise en place du fichier de config pour le bot
[13/06/2012 13:56:21] On ne sait pas où on est, on relance le bot
[13/06/2012 13:56:19] On n'est plus dans la game
[13/06/2012 13:54:21] Démarrage du run
[13/06/2012 13:54:11] Sélection de la quest
[13/06/2012 13:54:04] Sélection du personnage
[13/06/2012 13:53:59] Connecté à battle.net !
[13/06/2012 13:53:51] Tentative de connexion
[13/06/2012 13:53:48] Identification à battle.net
[13/06/2012 13:53:30] Démarrage du client
[13/06/2012 13:53:24] Démarrage du launcher
[13/06/2012 13:53:24] Démarrage du Bot
[13/06/2012 13:53:24] Mise en place du fichier de config pour le bot


---------------------------------------------------------
| Heure Début : 
| Temps écoule : 
| Nombre de runs : 
| Temps moyen par run : 
---------------------------------------------------------
[13/06/2012 13:57:01] Restauration du fichier de config Diablo III
[13/06/2012 13:57:01] Arrêt du Bot


---------------------------------------------------------
| Heure Début : 13/06/2012 14:05:36
| Temps écoule : 54 s.
| Nombre de runs : 0
| Temps moyen par run : 0
---------------------------------------------------------
[13/06/2012 14:05:43] Restauration du fichier de config Diablo III
[13/06/2012 14:05:43] Arrêt du Bot
[13/06/2012 14:05:40] Démarrage du client
[13/06/2012 14:05:36] Démarrage du launcher
[13/06/2012 14:05:36] Démarrage du Bot
[13/06/2012 14:05:36] Mise en place du fichier de config pour le bot
[13/06/2012 14:05:36] On ne sait pas où on est, on relance le bot
[13/06/2012 14:05:34] On n'est plus dans la game
[13/06/2012 14:04:27] Démarrage du run
[13/06/2012 14:04:17] Sélection de la quest
[13/06/2012 14:04:11] Sélection du personnage
[13/06/2012 14:04:05] Connecté à battle.net !
[13/06/2012 14:03:57] Tentative de connexion
[13/06/2012 14:03:54] Identification à battle.net
[13/06/2012 14:03:38] Démarrage du client
[13/06/2012 14:03:33] Démarrage du launcher
[13/06/2012 14:03:33] Démarrage du Bot
[13/06/2012 14:03:33] Mise en place du fichier de config pour le bot


---------------------------------------------------------
| Heure Début : 13/06/2012 14:35:08
| Temps écoule : 59 s.
| Nombre de runs : 0
| Temps moyen par run : 0
---------------------------------------------------------
[13/06/2012 14:35:14] Restauration du fichier de config Diablo III
[13/06/2012 14:35:14] Arrêt du Bot
[13/06/2012 14:35:12] Démarrage du client
[13/06/2012 14:35:08] Démarrage du launcher
[13/06/2012 14:35:08] Démarrage du Bot
[13/06/2012 14:35:08] Mise en place du fichier de config pour le bot
[13/06/2012 14:35:08] On ne sait pas où on est, on relance le bot
[13/06/2012 14:35:07] On n'est plus dans la game
[13/06/2012 14:34:02] Démarrage du run
[13/06/2012 14:33:52] Sélection de la quest
[13/06/2012 14:33:45] Sélection du personnage
[13/06/2012 14:33:40] Connecté à battle.net !
[13/06/2012 14:33:32] Tentative de connexion
[13/06/2012 14:33:28] Identification à battle.net
[13/06/2012 14:33:10] Démarrage du client
[13/06/2012 14:33:03] Démarrage du launcher
[13/06/2012 14:33:03] Démarrage du Bot
[13/06/2012 14:33:03] Mise en place du fichier de config pour le bot


---------------------------------------------------------
| Heure Début : 13/06/2012 14:38:15
| Temps écoule : 55 s.
| Nombre de runs : 0
| Temps moyen par run : 0
---------------------------------------------------------
[13/06/2012 14:38:16] Restauration du fichier de config Diablo III
[13/06/2012 14:38:16] Arrêt du Bot
[13/06/2012 14:38:15] Démarrage du launcher
[13/06/2012 14:38:15] Démarrage du Bot
[13/06/2012 14:38:15] Mise en place du fichier de config pour le bot
[13/06/2012 14:38:15] On ne sait pas où on est, on relance le bot
[13/06/2012 14:38:14] On n'est plus dans la game
[13/06/2012 14:37:08] Démarrage du run
[13/06/2012 14:36:58] Sélection de la quest
[13/06/2012 14:36:52] Sélection du personnage
[13/06/2012 14:36:44] Connecté à battle.net !
[13/06/2012 14:36:36] Tentative de connexion
[13/06/2012 14:36:33] Identification à battle.net
[13/06/2012 14:36:18] Démarrage du client
[13/06/2012 14:36:13] Démarrage du launcher
[13/06/2012 14:36:13] Démarrage du Bot
[13/06/2012 14:36:13] Mise en place du fichier de config pour le bot


---------------------------------------------------------
| Heure Début : 
| Temps écoule : 
| Nombre de runs : 
| Temps moyen par run : 
---------------------------------------------------------
[13/06/2012 14:38:22] Restauration du fichier de config Diablo III
[13/06/2012 14:38:22] Arrêt du Bot


---------------------------------------------------------
| Heure Début : 13/06/2012 14:45:26
| Temps écoule : 45 min, 4 s.
| Nombre de runs : 19
| Temps moyen par run : 1 min, 42 s.
---------------------------------------------------------
[13/06/2012 15:31:23] Restauration du fichier de config Diablo III
[13/06/2012 15:31:23] Arrêt du Bot
[13/06/2012 15:30:30] Démarrage du run
[13/06/2012 15:30:30] On est in game !
[13/06/2012 15:25:42] Sélection de la quest
[13/06/2012 15:25:42] On est in game !
[13/06/2012 15:21:00] Fin de la game après 3 min, 56 s.
[13/06/2012 15:17:04] Démarrage du run
[13/06/2012 15:16:56] Sélection de la quest
[13/06/2012 15:16:50] Fin de la game après 1 min, 26 s.
[13/06/2012 15:15:24] Démarrage du run
[13/06/2012 15:15:16] Sélection de la quest
[13/06/2012 15:15:10] Fin de la game après 1 min, 31 s.
[13/06/2012 15:13:39] Démarrage du run
[13/06/2012 15:13:31] Sélection de la quest
[13/06/2012 15:13:25] Fin de la game après 1 min, 52 s.
[13/06/2012 15:11:33] Démarrage du run
[13/06/2012 15:11:24] Sélection de la quest
[13/06/2012 15:11:16] Fin de la game après 1 min, 22 s.
[13/06/2012 15:09:54] Démarrage du run
[13/06/2012 15:09:46] Sélection de la quest
[13/06/2012 15:09:40] Fin de la game après 1 min, 39 s.
[13/06/2012 15:08:01] Démarrage du run
[13/06/2012 15:07:52] Sélection de la quest
[13/06/2012 15:07:44] Fin de la game après 1 min, 24 s.
[13/06/2012 15:06:20] Démarrage du run
[13/06/2012 15:06:12] Sélection de la quest
[13/06/2012 15:06:06] Fin de la game après 1 min, 24 s.
[13/06/2012 15:04:42] Démarrage du run
[13/06/2012 15:04:34] Sélection de la quest
[13/06/2012 15:04:28] Fin de la game après 1 min, 38 s.
[13/06/2012 15:02:50] Démarrage du run
[13/06/2012 15:02:42] Sélection de la quest
[13/06/2012 15:02:36] Fin de la game après 2 min, 1 s.
[13/06/2012 15:02:27] On est in game !
[13/06/2012 15:02:26] Impossible de trouver Tyrael
[13/06/2012 15:00:35] Démarrage du run
[13/06/2012 15:00:27] Sélection de la quest
[13/06/2012 15:00:21] Fin de la game après 1 min, 26 s.
[13/06/2012 14:58:55] Démarrage du run
[13/06/2012 14:58:46] Sélection de la quest
[13/06/2012 14:58:41] Fin de la game après 1 min, 34 s.
[13/06/2012 14:57:07] Démarrage du run
[13/06/2012 14:56:58] Sélection de la quest
[13/06/2012 14:56:53] Fin de la game après 1 min, 25 s.
[13/06/2012 14:55:28] Démarrage du run
[13/06/2012 14:55:20] Sélection de la quest
[13/06/2012 14:55:12] Fin de la game après 1 min, 54 s.
[13/06/2012 14:53:18] Démarrage du run
[13/06/2012 14:53:09] Sélection de la quest
[13/06/2012 14:53:04] Fin de la game après 1 min, 26 s.
[13/06/2012 14:51:38] Démarrage du run
[13/06/2012 14:51:29] Sélection de la quest
[13/06/2012 14:51:23] Fin de la game après 1 min, 36 s.
[13/06/2012 14:49:47] Démarrage du run
[13/06/2012 14:49:39] Sélection de la quest
[13/06/2012 14:49:33] Fin de la game après 1 min, 31 s.
[13/06/2012 14:48:02] Démarrage du run
[13/06/2012 14:47:53] Sélection de la quest
[13/06/2012 14:47:48] Fin de la game après 1 min, 29 s.
[13/06/2012 14:46:19] Démarrage du run
[13/06/2012 14:46:10] Sélection de la quest
[13/06/2012 14:46:04] Sélection du personnage
[13/06/2012 14:45:58] Connecté à battle.net !
[13/06/2012 14:45:51] Tentative de connexion
[13/06/2012 14:45:47] Identification à battle.net
[13/06/2012 14:45:30] Démarrage du client
[13/06/2012 14:45:26] Démarrage du launcher
[13/06/2012 14:45:26] Démarrage du Bot
[13/06/2012 14:45:26] Mise en place du fichier de config pour le bot
[13/06/2012 14:45:25] Impossible de se connecter. Relance de diablo
[13/06/2012 14:45:15] Tentative de connexion
[13/06/2012 14:45:12] Identification à battle.net
[13/06/2012 14:44:59] Démarrage du client
[13/06/2012 14:44:55] Démarrage du launcher
[13/06/2012 14:44:55] Démarrage du Bot
[13/06/2012 14:44:55] Mise en place du fichier de config pour le bot
[13/06/2012 14:44:55] Jeu planté, on relance
[13/06/2012 14:41:40] Fin de la game après 1 min, 51 s.
[13/06/2012 14:39:49] Démarrage du run
[13/06/2012 14:39:39] Sélection de la quest
[13/06/2012 14:39:32] Sélection du personnage
[13/06/2012 14:39:27] Connecté à battle.net !
[13/06/2012 14:39:18] Tentative de connexion
[13/06/2012 14:39:15] Identification à battle.net
[13/06/2012 14:38:57] Démarrage du client
[13/06/2012 14:38:52] Démarrage du launcher
[13/06/2012 14:38:52] Démarrage du Bot
[13/06/2012 14:38:52] Mise en place du fichier de config pour le bot


---------------------------------------------------------
| Heure Début : 13/06/2012 15:55:41
| Temps écoule : 14 min, 23 s.
| Nombre de runs : 7
| Temps moyen par run : 1 min, 30 s.
---------------------------------------------------------
[13/06/2012 16:11:08] Restauration du fichier de config Diablo III
[13/06/2012 16:11:08] Arrêt du Bot
[13/06/2012 16:10:04] Démarrage du run
[13/06/2012 16:09:56] Sélection de la quest
[13/06/2012 16:09:50] Fin de la game après 1 min, 21 s.
[13/06/2012 16:08:29] Démarrage du run
[13/06/2012 16:08:21] Sélection de la quest
[13/06/2012 16:08:15] Fin de la game après 1 min, 39 s.
[13/06/2012 16:06:36] Démarrage du run
[13/06/2012 16:06:28] Sélection de la quest
[13/06/2012 16:06:22] Fin de la game après 1 min, 35 s.
[13/06/2012 16:04:47] Démarrage du run
[13/06/2012 16:04:38] Sélection de la quest
[13/06/2012 16:04:33] Fin de la game après 1 min, 21 s.
[13/06/2012 16:03:12] Démarrage du run
[13/06/2012 16:03:04] Sélection de la quest
[13/06/2012 16:02:56] Fin de la game après 1 min, 32 s.
[13/06/2012 16:01:24] Démarrage du run
[13/06/2012 16:01:16] Sélection de la quest
[13/06/2012 16:01:10] Fin de la game après 1 min, 23 s.
[13/06/2012 15:59:47] Démarrage du run
[13/06/2012 15:59:38] Sélection de la quest
[13/06/2012 15:58:22] Fin de la game après 1 min, 43 s.
[13/06/2012 15:56:39] Démarrage du run
[13/06/2012 15:56:29] Sélection de la quest
[13/06/2012 15:56:22] Sélection du personnage
[13/06/2012 15:56:15] Connecté à battle.net !
[13/06/2012 15:56:07] Tentative de connexion
[13/06/2012 15:56:04] Identification à battle.net
[13/06/2012 15:55:46] Démarrage du client
[13/06/2012 15:55:41] Démarrage du launcher
[13/06/2012 15:55:41] Démarrage du Bot
[13/06/2012 15:55:41] Mise en place du fichier de config pour le bot


---------------------------------------------------------
| Heure Début : 13/06/2012 16:27:39
| Temps écoule : 57 s.
| Nombre de runs : 0
| Temps moyen par run : 0
---------------------------------------------------------
[13/06/2012 16:27:48] Restauration du fichier de config Diablo III
[13/06/2012 16:27:48] Arrêt du Bot
[13/06/2012 16:27:43] Démarrage du client
[13/06/2012 16:27:39] Démarrage du launcher
[13/06/2012 16:27:39] Démarrage du Bot
[13/06/2012 16:27:39] Mise en place du fichier de config pour le bot
[13/06/2012 16:27:39] On ne sait pas où on est, on relance le bot
[13/06/2012 16:27:37] On n'est plus dans la game
[13/06/2012 16:26:22] Démarrage du run
[13/06/2012 16:26:12] Sélection de la quest
[13/06/2012 16:26:05] Sélection du personnage
[13/06/2012 16:26:00] Connecté à battle.net !
[13/06/2012 16:25:52] Tentative de connexion
[13/06/2012 16:25:49] Identification à battle.net
[13/06/2012 16:25:31] Démarrage du client
[13/06/2012 16:25:25] Démarrage du launcher
[13/06/2012 16:25:25] Démarrage du Bot
[13/06/2012 16:25:25] Mise en place du fichier de config pour le bot


---------------------------------------------------------
| Heure Début : 
| Temps écoule : 
| Nombre de runs : 
| Temps moyen par run : 
---------------------------------------------------------
[13/06/2012 16:45:45] Restauration du fichier de config Diablo III
[13/06/2012 16:45:45] Arrêt du Bot


---------------------------------------------------------
| Heure Début : 
| Temps écoule : 
| Nombre de runs : 
| Temps moyen par run : 
---------------------------------------------------------
[13/06/2012 16:45:57] Restauration du fichier de config Diablo III
[13/06/2012 16:45:57] Arrêt du Bot


---------------------------------------------------------
| Heure Début : 
| Temps écoule : 
| Nombre de runs : 
| Temps moyen par run : 
---------------------------------------------------------
[13/06/2012 16:53:58] Restauration du fichier de config Diablo III
[13/06/2012 16:53:58] Arrêt du Bot


---------------------------------------------------------
| Heure Début : 13/06/2012 17:04:36
| Temps écoule : 56 s.
| Nombre de runs : 0
| Temps moyen par run : 0
---------------------------------------------------------
[13/06/2012 17:04:37] Restauration du fichier de config Diablo III
[13/06/2012 17:04:37] Arrêt du Bot
[13/06/2012 17:04:36] Démarrage du launcher
[13/06/2012 17:04:36] Démarrage du Bot
[13/06/2012 17:04:36] Mise en place du fichier de config pour le bot
[13/06/2012 17:04:36] On ne sait pas où on est, on relance le bot
[13/06/2012 17:04:34] Mort
[13/06/2012 17:03:07] Démarrage du run
[13/06/2012 17:02:56] Sélection de la quest
[13/06/2012 17:02:50] Sélection du personnage
[13/06/2012 17:02:45] Connecté à battle.net !
[13/06/2012 17:02:37] Tentative de connexion
[13/06/2012 17:02:34] Identification à battle.net
[13/06/2012 17:02:16] Démarrage du client
[13/06/2012 17:02:11] Démarrage du launcher
[13/06/2012 17:02:11] Démarrage du Bot
[13/06/2012 17:02:11] Mise en place du fichier de config pour le bot


---------------------------------------------------------
| Heure Début : 13/06/2012 17:11:36
| Temps écoule : 59 s.
| Nombre de runs : 0
| Temps moyen par run : 0
---------------------------------------------------------
[13/06/2012 17:11:39] Restauration du fichier de config Diablo III
[13/06/2012 17:11:39] Arrêt du Bot
[13/06/2012 17:11:36] Démarrage du launcher
[13/06/2012 17:11:36] Démarrage du Bot
[13/06/2012 17:11:36] Mise en place du fichier de config pour le bot
[13/06/2012 17:11:36] On ne sait pas où on est, on relance le bot
[13/06/2012 17:11:34] Mort
[13/06/2012 17:10:15] Démarrage du run
[13/06/2012 17:10:05] Sélection de la quest
[13/06/2012 17:09:59] Sélection du personnage
[13/06/2012 17:09:53] Connecté à battle.net !
[13/06/2012 17:09:45] Tentative de connexion
[13/06/2012 17:09:41] Identification à battle.net
[13/06/2012 17:09:22] Démarrage du client
[13/06/2012 17:09:16] Démarrage du launcher
[13/06/2012 17:09:16] Démarrage du Bot
[13/06/2012 17:09:16] Mise en place du fichier de config pour le bot


---------------------------------------------------------
| Heure Début : 13/06/2012 17:13:43
| Temps écoule : 57 s.
| Nombre de runs : 0
| Temps moyen par run : 0
---------------------------------------------------------
[13/06/2012 17:16:23] Restauration du fichier de config Diablo III
[13/06/2012 17:16:23] Arrêt du Bot
[13/06/2012 17:14:40] Démarrage du run
[13/06/2012 17:14:30] Sélection de la quest
[13/06/2012 17:14:24] Sélection du personnage
[13/06/2012 17:14:18] Connecté à battle.net !
[13/06/2012 17:14:10] Tentative de connexion
[13/06/2012 17:14:06] Identification à battle.net
[13/06/2012 17:13:49] Démarrage du client
[13/06/2012 17:13:43] Démarrage du launcher
[13/06/2012 17:13:43] Démarrage du Bot
[13/06/2012 17:13:43] Mise en place du fichier de config pour le bot


---------------------------------------------------------
| Heure Début : 13/06/2012 17:18:58
| Temps écoule : 54 s.
| Nombre de runs : 0
| Temps moyen par run : 0
---------------------------------------------------------
[13/06/2012 17:21:07] Restauration du fichier de config Diablo III
[13/06/2012 17:21:07] Arrêt du Bot
[13/06/2012 17:19:52] Démarrage du run
[13/06/2012 17:19:42] Sélection de la quest
[13/06/2012 17:19:35] Sélection du personnage
[13/06/2012 17:19:30] Connecté à battle.net !
[13/06/2012 17:19:22] Tentative de connexion
[13/06/2012 17:19:19] Identification à battle.net
[13/06/2012 17:19:03] Démarrage du client
[13/06/2012 17:18:58] Démarrage du launcher
[13/06/2012 17:18:58] Démarrage du Bot
[13/06/2012 17:18:58] Mise en place du fichier de config pour le bot


---------------------------------------------------------
| Heure Début : 13/06/2012 17:23:39
| Temps écoule : 59 s.
| Nombre de runs : 0
| Temps moyen par run : 0
---------------------------------------------------------
[13/06/2012 17:26:12] Restauration du fichier de config Diablo III
[13/06/2012 17:26:12] Arrêt du Bot
[13/06/2012 17:24:38] Démarrage du run
[13/06/2012 17:24:28] Sélection de la quest
[13/06/2012 17:24:21] Sélection du personnage
[13/06/2012 17:24:16] Connecté à battle.net !
[13/06/2012 17:24:08] Tentative de connexion
[13/06/2012 17:24:04] Identification à battle.net
[13/06/2012 17:23:45] Démarrage du client
[13/06/2012 17:23:39] Démarrage du launcher
[13/06/2012 17:23:39] Démarrage du Bot
[13/06/2012 17:23:39] Mise en place du fichier de config pour le bot


---------------------------------------------------------
| Heure Début : 13/06/2012 17:27:31
| Temps écoule : 58 s.
| Nombre de runs : 0
| Temps moyen par run : 0
---------------------------------------------------------
[13/06/2012 17:29:39] Restauration du fichier de config Diablo III
[13/06/2012 17:29:39] Arrêt du Bot
[13/06/2012 17:28:29] Démarrage du run
[13/06/2012 17:28:19] Sélection de la quest
[13/06/2012 17:28:13] Sélection du personnage
[13/06/2012 17:28:05] Connecté à battle.net !
[13/06/2012 17:27:57] Tentative de connexion
[13/06/2012 17:27:54] Identification à battle.net
[13/06/2012 17:27:36] Démarrage du client
[13/06/2012 17:27:31] Démarrage du launcher
[13/06/2012 17:27:31] Démarrage du Bot
[13/06/2012 17:27:31] Mise en place du fichier de config pour le bot


---------------------------------------------------------
| Heure Début : 13/06/2012 17:30:32
| Temps écoule : 56 s.
| Nombre de runs : 0
| Temps moyen par run : 0
---------------------------------------------------------
[13/06/2012 17:32:44] Restauration du fichier de config Diablo III
[13/06/2012 17:32:44] Arrêt du Bot
[13/06/2012 17:31:28] Démarrage du run
[13/06/2012 17:31:17] Sélection de la quest
[13/06/2012 17:31:11] Sélection du personnage
[13/06/2012 17:31:06] Connecté à battle.net !
[13/06/2012 17:30:58] Tentative de connexion
[13/06/2012 17:30:55] Identification à battle.net
[13/06/2012 17:30:38] Démarrage du client
[13/06/2012 17:30:32] Démarrage du launcher
[13/06/2012 17:30:32] Démarrage du Bot
[13/06/2012 17:30:32] Mise en place du fichier de config pour le bot


---------------------------------------------------------
| Heure Début : 13/06/2012 17:38:19
| Temps écoule : 3 min, 10 s.
| Nombre de runs : 1
| Temps moyen par run : 1 min, 44 s.
---------------------------------------------------------
[13/06/2012 17:47:47] Restauration du fichier de config Diablo III
[13/06/2012 17:47:47] Arrêt du Bot
[13/06/2012 17:41:29] Démarrage du run
[13/06/2012 17:41:20] Sélection de la quest
[13/06/2012 17:40:57] Fin de la game après 1 min, 44 s.
[13/06/2012 17:39:13] Démarrage du run
[13/06/2012 17:39:04] Sélection de la quest
[13/06/2012 17:38:58] Sélection du personnage
[13/06/2012 17:38:53] Connecté à battle.net !
[13/06/2012 17:38:45] Tentative de connexion
[13/06/2012 17:38:42] Identification à battle.net
[13/06/2012 17:38:23] Démarrage du client
[13/06/2012 17:38:19] Démarrage du launcher
[13/06/2012 17:38:19] Démarrage du Bot
[13/06/2012 17:38:19] Mise en place du fichier de config pour le bot
[13/06/2012 17:38:19] On ne sait pas où on est, on relance le bot
[13/06/2012 17:38:17] On n'est plus dans la game
[13/06/2012 17:35:41] Démarrage du run
[13/06/2012 17:35:31] Sélection de la quest
[13/06/2012 17:35:24] Sélection du personnage
[13/06/2012 17:35:19] Connecté à battle.net !
[13/06/2012 17:35:11] Tentative de connexion
[13/06/2012 17:35:07] Identification à battle.net
[13/06/2012 17:34:49] Démarrage du client
[13/06/2012 17:34:43] Démarrage du launcher
[13/06/2012 17:34:43] Démarrage du Bot
[13/06/2012 17:34:43] Mise en place du fichier de config pour le bot


---------------------------------------------------------
| Heure Début : 13/06/2012 17:50:42
| Temps écoule : 4 min, 20 s.
| Nombre de runs : 1
| Temps moyen par run : 1 min, 44 s.
---------------------------------------------------------
[13/06/2012 17:57:37] Restauration du fichier de config Diablo III
[13/06/2012 17:57:37] Arrêt du Bot
[13/06/2012 17:57:37] Jeu planté, on relance
[13/06/2012 17:57:37] On n'est plus dans la game
[13/06/2012 17:55:02] Démarrage du run
[13/06/2012 17:54:54] Sélection de la quest
[13/06/2012 17:53:23] Fin de la game après 1 min, 44 s.
[13/06/2012 17:51:39] Démarrage du run
[13/06/2012 17:51:29] Sélection de la quest
[13/06/2012 17:51:23] Sélection du personnage
[13/06/2012 17:51:17] Connecté à battle.net !
[13/06/2012 17:51:09] Tentative de connexion
[13/06/2012 17:51:06] Identification à battle.net
[13/06/2012 17:50:48] Démarrage du client
[13/06/2012 17:50:42] Démarrage du launcher
[13/06/2012 17:50:42] Démarrage du Bot
[13/06/2012 17:50:41] Mise en place du fichier de config pour le bot


---------------------------------------------------------
| Heure Début : 13/06/2012 18:40:55
| Temps écoule : 2 min, 52 s.
| Nombre de runs : 1
| Temps moyen par run : 1 min, 43 s.
---------------------------------------------------------
[13/06/2012 18:45:43] Restauration du fichier de config Diablo III
[13/06/2012 18:45:43] Arrêt du Bot
[13/06/2012 18:43:47] Démarrage du run
[13/06/2012 18:43:38] Sélection de la quest
[13/06/2012 18:43:33] Fin de la game après 1 min, 43 s.
[13/06/2012 18:41:50] Démarrage du run
[13/06/2012 18:41:39] Sélection de la quest
[13/06/2012 18:41:33] Sélection du personnage
[13/06/2012 18:41:28] Connecté à battle.net !
[13/06/2012 18:41:20] Tentative de connexion
[13/06/2012 18:41:17] Identification à battle.net
[13/06/2012 18:41:02] Démarrage du client
[13/06/2012 18:40:55] Démarrage du launcher
[13/06/2012 18:40:55] Démarrage du Bot
[13/06/2012 18:40:55] Mise en place du fichier de config pour le bot


---------------------------------------------------------
| Heure Début : 13/06/2012 18:50:50
| Temps écoule : 4 min, 34 s.
| Nombre de runs : 2
| Temps moyen par run : 1 min, 32 s.
---------------------------------------------------------
[13/06/2012 19:03:20] Restauration du fichier de config Diablo III
[13/06/2012 19:03:20] Arrêt du Bot
[13/06/2012 18:55:24] Démarrage du run
[13/06/2012 18:55:16] Sélection de la quest
[13/06/2012 18:55:10] Fin de la game après 1 min, 23 s.
[13/06/2012 18:53:47] Démarrage du run
[13/06/2012 18:53:39] Sélection de la quest
[13/06/2012 18:53:23] Fin de la game après 1 min, 42 s.
[13/06/2012 18:51:41] Démarrage du run
[13/06/2012 18:51:32] Sélection de la quest
[13/06/2012 18:51:26] Sélection du personnage
[13/06/2012 18:51:21] Connecté à battle.net !
[13/06/2012 18:51:13] Tentative de connexion
[13/06/2012 18:51:10] Identification à battle.net
[13/06/2012 18:50:54] Démarrage du client
[13/06/2012 18:50:50] Démarrage du launcher
[13/06/2012 18:50:50] Démarrage du Bot
[13/06/2012 18:50:50] Mise en place du fichier de config pour le bot
[13/06/2012 18:50:50] On ne sait pas où on est, on relance le bot
[13/06/2012 18:50:49] On n'est plus dans la game
[13/06/2012 18:49:24] Démarrage du run
[13/06/2012 18:49:14] Sélection de la quest
[13/06/2012 18:49:08] Sélection du personnage
[13/06/2012 18:49:02] Connecté à battle.net !
[13/06/2012 18:48:55] Tentative de connexion
[13/06/2012 18:48:51] Identification à battle.net
[13/06/2012 18:48:32] Démarrage du client
[13/06/2012 18:48:26] Démarrage du launcher
[13/06/2012 18:48:26] Démarrage du Bot
[13/06/2012 18:48:26] Mise en place du fichier de config pour le bot


---------------------------------------------------------
| Heure Début : 
| Temps écoule : 
| Nombre de runs : 
| Temps moyen par run : 
---------------------------------------------------------
[13/06/2012 20:55:01] Restauration du fichier de config Diablo III
[13/06/2012 20:55:01] Arrêt du Bot


---------------------------------------------------------
| Heure Début : 14/06/2012 08:51:29
| Temps écoule : 52 s.
| Nombre de runs : 1
| Temps moyen par run : 1 min, 51 s.
---------------------------------------------------------
[14/06/2012 08:51:37] Restauration du fichier de config Diablo III
[14/06/2012 08:51:37] Arrêt du Bot
[14/06/2012 08:51:33] Démarrage du client
[14/06/2012 08:51:29] Démarrage du launcher
[14/06/2012 08:51:29] Démarrage du Bot
[14/06/2012 08:51:29] Mise en place du fichier de config pour le bot
[14/06/2012 08:51:28] On ne sait pas où on est, on relance le bot
[14/06/2012 08:51:26] On n'est plus dans la game
[14/06/2012 08:50:25] Démarrage du run
[14/06/2012 08:50:17] Sélection de la quest
[14/06/2012 08:50:10] Sélection du personnage
[14/06/2012 08:50:05] Connecté à battle.net !
[14/06/2012 08:49:57] Tentative de connexion
[14/06/2012 08:49:54] Identification à battle.net
[14/06/2012 08:49:37] Démarrage du client
[14/06/2012 08:49:33] Démarrage du launcher
[14/06/2012 08:49:33] Démarrage du Bot
[14/06/2012 08:49:33] Mise en place du fichier de config pour le bot
[14/06/2012 08:49:32] On ne sait pas où on est, on relance le bot
[14/06/2012 08:49:30] On n'est plus dans la game
[14/06/2012 08:48:25] Démarrage du run
[14/06/2012 08:48:16] Sélection de la quest
[14/06/2012 08:48:10] Sélection du personnage
[14/06/2012 08:48:04] Connecté à battle.net !
[14/06/2012 08:47:57] Tentative de connexion
[14/06/2012 08:47:54] Identification à battle.net
[14/06/2012 08:47:34] Démarrage du client
[14/06/2012 08:47:30] Démarrage du launcher
[14/06/2012 08:47:30] Démarrage du Bot
[14/06/2012 08:47:30] Mise en place du fichier de config pour le bot
[14/06/2012 08:47:29] On ne sait pas où on est, on relance le bot
[14/06/2012 08:47:28] On n'est plus dans la game
[14/06/2012 08:46:23] Démarrage du run
[14/06/2012 08:46:14] Sélection de la quest
[14/06/2012 08:46:08] Sélection du personnage
[14/06/2012 08:46:03] Connecté à battle.net !
[14/06/2012 08:45:55] Tentative de connexion
[14/06/2012 08:45:52] Identification à battle.net
[14/06/2012 08:45:39] Démarrage du client
[14/06/2012 08:45:35] Démarrage du launcher
[14/06/2012 08:45:35] Démarrage du Bot
[14/06/2012 08:45:35] Mise en place du fichier de config pour le bot
[14/06/2012 08:45:34] On ne sait pas où on est, on relance le bot
[14/06/2012 08:45:33] On n'est plus dans la game
[14/06/2012 08:44:32] Démarrage du run
[14/06/2012 08:44:23] Sélection de la quest
[14/06/2012 08:44:17] Sélection du personnage
[14/06/2012 08:44:11] Connecté à battle.net !
[14/06/2012 08:44:03] Tentative de connexion
[14/06/2012 08:44:00] Identification à battle.net
[14/06/2012 08:43:43] Démarrage du client
[14/06/2012 08:43:39] Démarrage du launcher
[14/06/2012 08:43:39] Démarrage du Bot
[14/06/2012 08:43:39] Mise en place du fichier de config pour le bot
[14/06/2012 08:43:38] On ne sait pas où on est, on relance le bot
[14/06/2012 08:43:37] On n'est plus dans la game
[14/06/2012 08:42:36] Démarrage du run
[14/06/2012 08:42:27] Sélection de la quest
[14/06/2012 08:42:21] Sélection du personnage
[14/06/2012 08:42:16] Connecté à battle.net !
[14/06/2012 08:42:08] Tentative de connexion
[14/06/2012 08:42:04] Identification à battle.net
[14/06/2012 08:41:46] Démarrage du client
[14/06/2012 08:41:42] Démarrage du launcher
[14/06/2012 08:41:42] Démarrage du Bot
[14/06/2012 08:41:42] Mise en place du fichier de config pour le bot
[14/06/2012 08:41:42] On ne sait pas où on est, on relance le bot
[14/06/2012 08:41:40] On n'est plus dans la game
[14/06/2012 08:40:36] Démarrage du run
[14/06/2012 08:40:28] Sélection de la quest
[14/06/2012 08:40:22] Fin de la game après 1 min, 51 s.
[14/06/2012 08:38:31] Démarrage du run
[14/06/2012 08:38:21] Sélection de la quest
[14/06/2012 08:38:14] Sélection du personnage
[14/06/2012 08:38:09] Connecté à battle.net !
[14/06/2012 08:38:00] Tentative de connexion
[14/06/2012 08:37:57] Identification à battle.net
[14/06/2012 08:37:39] Démarrage du client
[14/06/2012 08:37:33] Démarrage du launcher
[14/06/2012 08:37:33] Démarrage du Bot
[14/06/2012 08:37:33] Mise en place du fichier de config pour le bot


---------------------------------------------------------
| Heure Début : 14/06/2012 08:52:23
| Temps écoule : 3 h, 3 min, 58 s.
| Nombre de runs : 109
| Temps moyen par run : 1 min, 26 s.
---------------------------------------------------------
[14/06/2012 14:29:29] Restauration du fichier de config Diablo III
[14/06/2012 14:29:29] Arrêt du Bot
[14/06/2012 11:56:21] Démarrage du run
[14/06/2012 11:56:12] Sélection de la quest
[14/06/2012 11:56:06] Fin de la game après 1 min, 22 s.
[14/06/2012 11:54:44] Démarrage du run
[14/06/2012 11:54:35] Sélection de la quest
[14/06/2012 11:54:29] Fin de la game après 1 min, 24 s.
[14/06/2012 11:53:05] Démarrage du run
[14/06/2012 11:52:56] Sélection de la quest
[14/06/2012 11:52:50] Fin de la game après 1 min, 24 s.
[14/06/2012 11:51:26] Démarrage du run
[14/06/2012 11:51:18] Sélection de la quest
[14/06/2012 11:51:12] Fin de la game après 1 min, 43 s.
[14/06/2012 11:49:29] Démarrage du run
[14/06/2012 11:49:20] Sélection de la quest
[14/06/2012 11:49:15] Fin de la game après 1 min, 21 s.
[14/06/2012 11:47:54] Démarrage du run
[14/06/2012 11:47:46] Sélection de la quest
[14/06/2012 11:47:40] Fin de la game après 1 min, 25 s.
[14/06/2012 11:46:15] Démarrage du run
[14/06/2012 11:46:06] Sélection de la quest
[14/06/2012 11:46:01] Fin de la game après 1 min, 20 s.
[14/06/2012 11:44:41] Démarrage du run
[14/06/2012 11:44:32] Sélection de la quest
[14/06/2012 11:44:27] Fin de la game après 1 min, 25 s.
[14/06/2012 11:43:02] Démarrage du run
[14/06/2012 11:42:54] Sélection de la quest
[14/06/2012 11:42:48] Fin de la game après 1 min, 40 s.
[14/06/2012 11:41:08] Démarrage du run
[14/06/2012 11:40:59] Sélection de la quest
[14/06/2012 11:40:53] Fin de la game après 1 min, 18 s.
[14/06/2012 11:39:35] Démarrage du run
[14/06/2012 11:39:27] Sélection de la quest
[14/06/2012 11:39:21] Fin de la game après 1 min, 21 s.
[14/06/2012 11:38:00] Démarrage du run
[14/06/2012 11:37:51] Sélection de la quest
[14/06/2012 11:37:45] Fin de la game après 1 min, 22 s.
[14/06/2012 11:36:23] Démarrage du run
[14/06/2012 11:36:15] Sélection de la quest
[14/06/2012 11:36:09] Fin de la game après 1 min, 23 s.
[14/06/2012 11:34:46] Démarrage du run
[14/06/2012 11:34:37] Sélection de la quest
[14/06/2012 11:34:32] Fin de la game après 1 min, 43 s.
[14/06/2012 11:32:49] Démarrage du run
[14/06/2012 11:32:41] Sélection de la quest
[14/06/2012 11:32:35] Fin de la game après 4 min, 15 s.
[14/06/2012 11:28:20] Démarrage du run
[14/06/2012 11:28:12] Sélection de la quest
[14/06/2012 11:28:06] Fin de la game après 1 min, 21 s.
[14/06/2012 11:26:45] Démarrage du run
[14/06/2012 11:26:36] Sélection de la quest
[14/06/2012 11:26:31] Fin de la game après 1 min, 22 s.
[14/06/2012 11:25:09] Démarrage du run
[14/06/2012 11:25:00] Sélection de la quest
[14/06/2012 11:24:55] Fin de la game après 1 min, 19 s.
[14/06/2012 11:23:36] Démarrage du run
[14/06/2012 11:23:28] Sélection de la quest
[14/06/2012 11:23:22] Fin de la game après 1 min, 43 s.
[14/06/2012 11:21:39] Démarrage du run
[14/06/2012 11:21:31] Sélection de la quest
[14/06/2012 11:21:26] Fin de la game après 1 min, 21 s.
[14/06/2012 11:20:05] Démarrage du run
[14/06/2012 11:19:56] Sélection de la quest
[14/06/2012 11:19:51] Fin de la game après 1 min, 21 s.
[14/06/2012 11:18:30] Démarrage du run
[14/06/2012 11:18:22] Sélection de la quest
[14/06/2012 11:18:16] Fin de la game après 1 min, 19 s.
[14/06/2012 11:16:57] Démarrage du run
[14/06/2012 11:16:49] Sélection de la quest
[14/06/2012 11:16:43] Fin de la game après 1 min, 21 s.
[14/06/2012 11:15:22] Démarrage du run
[14/06/2012 11:15:14] Sélection de la quest
[14/06/2012 11:15:08] Fin de la game après 1 min, 42 s.
[14/06/2012 11:13:26] Démarrage du run
[14/06/2012 11:13:17] Sélection de la quest
[14/06/2012 11:13:11] Fin de la game après 1 min, 20 s.
[14/06/2012 11:11:51] Démarrage du run
[14/06/2012 11:11:43] Sélection de la quest
[14/06/2012 11:11:37] Fin de la game après 1 min, 17 s.
[14/06/2012 11:10:20] Démarrage du run
[14/06/2012 11:10:12] Sélection de la quest
[14/06/2012 11:10:06] Fin de la game après 1 min, 19 s.
[14/06/2012 11:08:47] Démarrage du run
[14/06/2012 11:08:38] Sélection de la quest
[14/06/2012 11:08:33] Fin de la game après 1 min, 17 s.
[14/06/2012 11:07:16] Démarrage du run
[14/06/2012 11:07:07] Sélection de la quest
[14/06/2012 11:07:02] Fin de la game après 1 min, 40 s.
[14/06/2012 11:05:22] Démarrage du run
[14/06/2012 11:05:14] Sélection de la quest
[14/06/2012 11:05:08] Fin de la game après 1 min, 20 s.
[14/06/2012 11:03:48] Démarrage du run
[14/06/2012 11:03:39] Sélection de la quest
[14/06/2012 11:03:34] Fin de la game après 1 min, 23 s.
[14/06/2012 11:02:11] Démarrage du run
[14/06/2012 11:02:03] Sélection de la quest
[14/06/2012 11:01:57] Fin de la game après 1 min, 18 s.
[14/06/2012 11:00:39] Démarrage du run
[14/06/2012 11:00:30] Sélection de la quest
[14/06/2012 11:00:25] Fin de la game après 1 min, 19 s.
[14/06/2012 10:59:06] Démarrage du run
[14/06/2012 10:58:57] Sélection de la quest
[14/06/2012 10:58:52] Fin de la game après 1 min, 41 s.
[14/06/2012 10:57:11] Démarrage du run
[14/06/2012 10:57:03] Sélection de la quest
[14/06/2012 10:56:57] Fin de la game après 1 min, 25 s.
[14/06/2012 10:55:32] Démarrage du run
[14/06/2012 10:55:24] Sélection de la quest
[14/06/2012 10:55:18] Fin de la game après 1 min, 22 s.
[14/06/2012 10:53:56] Démarrage du run
[14/06/2012 10:53:48] Sélection de la quest
[14/06/2012 10:53:42] Fin de la game après 1 min, 21 s.
[14/06/2012 10:52:21] Démarrage du run
[14/06/2012 10:52:12] Sélection de la quest
[14/06/2012 10:52:06] Fin de la game après 1 min, 23 s.
[14/06/2012 10:50:43] Démarrage du run
[14/06/2012 10:50:35] Sélection de la quest
[14/06/2012 10:50:29] Fin de la game après 1 min, 40 s.
[14/06/2012 10:48:49] Démarrage du run
[14/06/2012 10:48:41] Sélection de la quest
[14/06/2012 10:48:35] Fin de la game après 1 min, 21 s.
[14/06/2012 10:47:14] Démarrage du run
[14/06/2012 10:47:06] Sélection de la quest
[14/06/2012 10:47:00] Fin de la game après 1 min, 22 s.
[14/06/2012 10:45:38] Démarrage du run
[14/06/2012 10:45:29] Sélection de la quest
[14/06/2012 10:45:24] Fin de la game après 1 min, 22 s.
[14/06/2012 10:44:02] Démarrage du run
[14/06/2012 10:43:53] Sélection de la quest
[14/06/2012 10:43:48] Fin de la game après 1 min, 23 s.
[14/06/2012 10:42:25] Démarrage du run
[14/06/2012 10:42:16] Sélection de la quest
[14/06/2012 10:42:11] Fin de la game après 1 min, 42 s.
[14/06/2012 10:40:29] Démarrage du run
[14/06/2012 10:40:21] Sélection de la quest
[14/06/2012 10:40:15] Fin de la game après 1 min, 19 s.
[14/06/2012 10:38:56] Démarrage du run
[14/06/2012 10:38:48] Sélection de la quest
[14/06/2012 10:38:42] Fin de la game après 1 min, 19 s.
[14/06/2012 10:37:23] Démarrage du run
[14/06/2012 10:37:14] Sélection de la quest
[14/06/2012 10:37:09] Fin de la game après 1 min, 20 s.
[14/06/2012 10:35:49] Démarrage du run
[14/06/2012 10:35:40] Sélection de la quest
[14/06/2012 10:35:35] Fin de la game après 1 min, 23 s.
[14/06/2012 10:34:12] Démarrage du run
[14/06/2012 10:34:04] Sélection de la quest
[14/06/2012 10:33:58] Fin de la game après 1 min, 43 s.
[14/06/2012 10:32:15] Démarrage du run
[14/06/2012 10:32:07] Sélection de la quest
[14/06/2012 10:32:01] Fin de la game après 1 min, 20 s.
[14/06/2012 10:30:41] Démarrage du run
[14/06/2012 10:30:33] Sélection de la quest
[14/06/2012 10:30:27] Fin de la game après 1 min, 21 s.
[14/06/2012 10:29:06] Démarrage du run
[14/06/2012 10:28:58] Sélection de la quest
[14/06/2012 10:28:52] Fin de la game après 1 min, 19 s.
[14/06/2012 10:27:33] Démarrage du run
[14/06/2012 10:27:24] Sélection de la quest
[14/06/2012 10:27:18] Fin de la game après 1 min, 22 s.
[14/06/2012 10:25:56] Démarrage du run
[14/06/2012 10:25:47] Sélection de la quest
[14/06/2012 10:25:42] Fin de la game après 1 min, 45 s.
[14/06/2012 10:23:57] Démarrage du run
[14/06/2012 10:23:49] Sélection de la quest
[14/06/2012 10:23:43] Fin de la game après 1 min, 22 s.
[14/06/2012 10:22:21] Démarrage du run
[14/06/2012 10:22:13] Sélection de la quest
[14/06/2012 10:22:07] Fin de la game après 1 min, 21 s.
[14/06/2012 10:20:46] Démarrage du run
[14/06/2012 10:20:38] Sélection de la quest
[14/06/2012 10:20:32] Fin de la game après 1 min, 20 s.
[14/06/2012 10:19:12] Démarrage du run
[14/06/2012 10:19:03] Sélection de la quest
[14/06/2012 10:18:57] Fin de la game après 1 min, 19 s.
[14/06/2012 10:17:38] Démarrage du run
[14/06/2012 10:17:30] Sélection de la quest
[14/06/2012 10:17:24] Fin de la game après 1 min, 38 s.
[14/06/2012 10:15:46] Démarrage du run
[14/06/2012 10:15:37] Sélection de la quest
[14/06/2012 10:15:32] Fin de la game après 1 min, 21 s.
[14/06/2012 10:14:11] Démarrage du run
[14/06/2012 10:14:03] Sélection de la quest
[14/06/2012 10:13:57] Fin de la game après 1 min, 19 s.
[14/06/2012 10:12:38] Démarrage du run
[14/06/2012 10:12:30] Sélection de la quest
[14/06/2012 10:12:24] Fin de la game après 1 min, 18 s.
[14/06/2012 10:11:06] Démarrage du run
[14/06/2012 10:10:57] Sélection de la quest
[14/06/2012 10:10:52] Fin de la game après 1 min, 19 s.
[14/06/2012 10:09:33] Démarrage du run
[14/06/2012 10:09:24] Sélection de la quest
[14/06/2012 10:09:19] Fin de la game après 1 min, 40 s.
[14/06/2012 10:07:39] Démarrage du run
[14/06/2012 10:07:30] Sélection de la quest
[14/06/2012 10:07:24] Fin de la game après 1 min, 24 s.
[14/06/2012 10:06:00] Démarrage du run
[14/06/2012 10:05:51] Sélection de la quest
[14/06/2012 10:05:45] Fin de la game après 1 min, 26 s.
[14/06/2012 10:04:19] Démarrage du run
[14/06/2012 10:04:10] Sélection de la quest
[14/06/2012 10:04:04] Fin de la game après 1 min, 21 s.
[14/06/2012 10:02:43] Démarrage du run
[14/06/2012 10:02:35] Sélection de la quest
[14/06/2012 10:02:29] Fin de la game après 1 min, 17 s.
[14/06/2012 10:01:12] Démarrage du run
[14/06/2012 10:01:04] Sélection de la quest
[14/06/2012 10:00:58] Fin de la game après 1 min, 43 s.
[14/06/2012 09:59:15] Démarrage du run
[14/06/2012 09:59:07] Sélection de la quest
[14/06/2012 09:59:01] Fin de la game après 1 min, 21 s.
[14/06/2012 09:57:40] Démarrage du run
[14/06/2012 09:57:31] Sélection de la quest
[14/06/2012 09:57:25] Fin de la game après 1 min, 21 s.
[14/06/2012 09:56:04] Démarrage du run
[14/06/2012 09:55:55] Sélection de la quest
[14/06/2012 09:55:50] Fin de la game après 1 min, 21 s.
[14/06/2012 09:54:29] Démarrage du run
[14/06/2012 09:54:21] Sélection de la quest
[14/06/2012 09:54:15] Fin de la game après 1 min, 20 s.
[14/06/2012 09:52:55] Démarrage du run
[14/06/2012 09:52:47] Sélection de la quest
[14/06/2012 09:52:41] Fin de la game après 1 min, 43 s.
[14/06/2012 09:50:58] Démarrage du run
[14/06/2012 09:50:49] Sélection de la quest
[14/06/2012 09:50:44] Fin de la game après 1 min, 23 s.
[14/06/2012 09:49:21] Démarrage du run
[14/06/2012 09:49:12] Sélection de la quest
[14/06/2012 09:49:07] Fin de la game après 1 min, 20 s.
[14/06/2012 09:47:47] Démarrage du run
[14/06/2012 09:47:38] Sélection de la quest
[14/06/2012 09:47:33] Fin de la game après 1 min, 21 s.
[14/06/2012 09:46:12] Démarrage du run
[14/06/2012 09:46:04] Sélection de la quest
[14/06/2012 09:45:58] Fin de la game après 1 min, 19 s.
[14/06/2012 09:44:39] Démarrage du run
[14/06/2012 09:44:31] Sélection de la quest
[14/06/2012 09:44:25] Fin de la game après 1 min, 44 s.
[14/06/2012 09:42:41] Démarrage du run
[14/06/2012 09:42:33] Sélection de la quest
[14/06/2012 09:42:27] Fin de la game après 1 min, 22 s.
[14/06/2012 09:41:05] Démarrage du run
[14/06/2012 09:40:57] Sélection de la quest
[14/06/2012 09:40:51] Fin de la game après 1 min, 22 s.
[14/06/2012 09:39:29] Démarrage du run
[14/06/2012 09:39:21] Sélection de la quest
[14/06/2012 09:39:15] Fin de la game après 1 min, 16 s.
[14/06/2012 09:37:59] Démarrage du run
[14/06/2012 09:37:50] Sélection de la quest
[14/06/2012 09:37:45] Fin de la game après 1 min, 23 s.
[14/06/2012 09:36:22] Démarrage du run
[14/06/2012 09:36:14] Sélection de la quest
[14/06/2012 09:36:08] Fin de la game après 1 min, 40 s.
[14/06/2012 09:34:28] Démarrage du run
[14/06/2012 09:34:19] Sélection de la quest
[14/06/2012 09:34:14] Fin de la game après 1 min, 21 s.
[14/06/2012 09:32:53] Démarrage du run
[14/06/2012 09:32:44] Sélection de la quest
[14/06/2012 09:32:39] Fin de la game après 1 min, 23 s.
[14/06/2012 09:31:16] Démarrage du run
[14/06/2012 09:31:08] Sélection de la quest
[14/06/2012 09:31:02] Fin de la game après 1 min, 21 s.
[14/06/2012 09:29:41] Démarrage du run
[14/06/2012 09:29:32] Sélection de la quest
[14/06/2012 09:29:27] Fin de la game après 1 min, 21 s.
[14/06/2012 09:28:06] Démarrage du run
[14/06/2012 09:27:58] Sélection de la quest
[14/06/2012 09:27:52] Fin de la game après 1 min, 40 s.
[14/06/2012 09:26:12] Démarrage du run
[14/06/2012 09:26:03] Sélection de la quest
[14/06/2012 09:25:58] Fin de la game après 1 min, 21 s.
[14/06/2012 09:24:37] Démarrage du run
[14/06/2012 09:24:28] Sélection de la quest
[14/06/2012 09:24:23] Fin de la game après 1 min, 24 s.
[14/06/2012 09:22:59] Démarrage du run
[14/06/2012 09:22:51] Sélection de la quest
[14/06/2012 09:22:45] Fin de la game après 1 min, 20 s.
[14/06/2012 09:21:25] Démarrage du run
[14/06/2012 09:21:16] Sélection de la quest
[14/06/2012 09:21:11] Fin de la game après 1 min, 21 s.
[14/06/2012 09:19:50] Démarrage du run
[14/06/2012 09:19:42] Sélection de la quest
[14/06/2012 09:19:36] Fin de la game après 1 min, 38 s.
[14/06/2012 09:17:58] Démarrage du run
[14/06/2012 09:17:49] Sélection de la quest
[14/06/2012 09:17:44] Fin de la game après 1 min, 20 s.
[14/06/2012 09:16:24] Démarrage du run
[14/06/2012 09:16:16] Sélection de la quest
[14/06/2012 09:16:10] Fin de la game après 1 min, 17 s.
[14/06/2012 09:14:53] Démarrage du run
[14/06/2012 09:14:45] Sélection de la quest
[14/06/2012 09:14:39] Fin de la game après 1 min, 21 s.
[14/06/2012 09:13:18] Démarrage du run
[14/06/2012 09:13:10] Sélection de la quest
[14/06/2012 09:13:04] Fin de la game après 1 min, 21 s.
[14/06/2012 09:11:43] Démarrage du run
[14/06/2012 09:11:35] Sélection de la quest
[14/06/2012 09:11:29] Fin de la game après 1 min, 41 s.
[14/06/2012 09:09:48] Démarrage du run
[14/06/2012 09:09:39] Sélection de la quest
[14/06/2012 09:09:34] Fin de la game après 1 min, 22 s.
[14/06/2012 09:08:12] Démarrage du run
[14/06/2012 09:08:04] Sélection de la quest
[14/06/2012 09:07:58] Fin de la game après 1 min, 19 s.
[14/06/2012 09:06:39] Démarrage du run
[14/06/2012 09:06:30] Sélection de la quest
[14/06/2012 09:06:25] Fin de la game après 1 min, 21 s.
[14/06/2012 09:05:04] Démarrage du run
[14/06/2012 09:04:55] Sélection de la quest
[14/06/2012 09:04:50] Fin de la game après 1 min, 17 s.
[14/06/2012 09:03:33] Démarrage du run
[14/06/2012 09:03:25] Sélection de la quest
[14/06/2012 09:03:19] Fin de la game après 1 min, 44 s.
[14/06/2012 09:01:35] Démarrage du run
[14/06/2012 09:01:26] Sélection de la quest
[14/06/2012 09:01:21] Fin de la game après 1 min, 18 s.
[14/06/2012 09:00:03] Démarrage du run
[14/06/2012 08:59:55] Sélection de la quest
[14/06/2012 08:59:49] Fin de la game après 1 min, 20 s.
[14/06/2012 08:58:29] Démarrage du run
[14/06/2012 08:58:21] Sélection de la quest
[14/06/2012 08:58:15] Fin de la game après 1 min, 22 s.
[14/06/2012 08:56:53] Démarrage du run
[14/06/2012 08:56:45] Sélection de la quest
[14/06/2012 08:56:39] Fin de la game après 1 min, 19 s.
[14/06/2012 08:55:20] Démarrage du run
[14/06/2012 08:55:12] Sélection de la quest
[14/06/2012 08:55:06] Fin de la game après 1 min, 45 s.
[14/06/2012 08:53:21] Démarrage du run
[14/06/2012 08:53:11] Sélection de la quest
[14/06/2012 08:53:04] Sélection du personnage
[14/06/2012 08:52:56] Connecté à battle.net !
[14/06/2012 08:52:48] Tentative de connexion
[14/06/2012 08:52:45] Identification à battle.net
[14/06/2012 08:52:29] Démarrage du client
[14/06/2012 08:52:23] Démarrage du launcher
[14/06/2012 08:52:23] Démarrage du Bot
[14/06/2012 08:52:23] Mise en place du fichier de config pour le bot


---------------------------------------------------------
| Heure Début : 
| Temps écoule : 
| Nombre de runs : 
| Temps moyen par run : 
---------------------------------------------------------
[14/06/2012 15:44:22] Restauration du fichier de config Diablo III
[14/06/2012 15:44:22] Arrêt du Bot


---------------------------------------------------------
| Heure Début : 
| Temps écoule : 
| Nombre de runs : 
| Temps moyen par run : 
---------------------------------------------------------
[14/06/2012 15:48:57] Restauration du fichier de config Diablo III
[14/06/2012 15:48:57] Arrêt du Bot


---------------------------------------------------------
| Heure Début : 
| Temps écoule : 
| Nombre de runs : 
| Temps moyen par run : 
---------------------------------------------------------
[14/06/2012 16:46:54] Restauration du fichier de config Diablo III
[14/06/2012 16:46:54] Arrêt du Bot


---------------------------------------------------------
| Heure Début : 
| Temps écoule : 
| Nombre de runs : 
| Temps moyen par run : 
---------------------------------------------------------
[14/06/2012 16:47:03] Restauration du fichier de config Diablo III
[14/06/2012 16:47:03] Arrêt du Bot


---------------------------------------------------------
| Heure Début : 
| Temps écoule : 
| Nombre de runs : 
| Temps moyen par run : 
---------------------------------------------------------
[14/06/2012 17:05:37] Restauration du fichier de config Diablo III
[14/06/2012 17:05:37] Arrêt du Bot


---------------------------------------------------------
| Heure Début : 
| Temps écoule : 
| Nombre de runs : 
| Temps moyen par run : 
---------------------------------------------------------
[14/06/2012 17:51:52] Restauration du fichier de config Diablo III
[14/06/2012 17:51:52] Arrêt du Bot


---------------------------------------------------------
| Heure Début : 
| Temps écoule : 
| Nombre de runs : 
| Temps moyen par run : 
---------------------------------------------------------
[14/06/2012 17:53:26] Restauration du fichier de config Diablo III
[14/06/2012 17:53:26] Arrêt du Bot


---------------------------------------------------------
| Heure Début : 
| Temps écoule : 
| Nombre de runs : 
| Temps moyen par run : 
---------------------------------------------------------
[14/06/2012 18:07:58] Restauration du fichier de config Diablo III
[14/06/2012 18:07:58] Arrêt du Bot


---------------------------------------------------------
| Heure Début : 
| Temps écoule : 
| Nombre de runs : 
| Temps moyen par run : 
---------------------------------------------------------
[14/06/2012 18:08:08] Restauration du fichier de config Diablo III
[14/06/2012 18:08:08] Arrêt du Bot


---------------------------------------------------------
| Heure Début : 
| Temps écoule : 
| Nombre de runs : 
| Temps moyen par run : 
---------------------------------------------------------
[14/06/2012 18:08:23] Restauration du fichier de config Diablo III
[14/06/2012 18:08:23] Arrêt du Bot


---------------------------------------------------------
| Heure Début : 
| Temps écoule : 
| Nombre de runs : 
| Temps moyen par run : 
---------------------------------------------------------
[14/06/2012 18:11:01] Restauration du fichier de config Diablo III
[14/06/2012 18:11:01] Arrêt du Bot


---------------------------------------------------------
| Heure Début : 
| Temps écoule : 
| Nombre de runs : 
| Temps moyen par run : 
---------------------------------------------------------
[14/06/2012 18:11:41] Restauration du fichier de config Diablo III
[14/06/2012 18:11:41] Arrêt du Bot
